Android-Launcher/build/outputs/logs/manifest-merger-debug-report.txt
-- Merging decision tree log ---
manifest
ADDED from AndroidManifest.xml:2:1
	package
		ADDED from AndroidManifest.xml:3:2
	android:versionName
		ADDED from AndroidManifest.xml:4:29
	android:versionCode
		ADDED from AndroidManifest.xml:4:2
		INJECTED from AndroidManifest.xml:0:0
		INJECTED from AndroidManifest.xml:0:0
	xmlns:android
		ADDED from AndroidManifest.xml:2:11
	android:installLocation
		ADDED from AndroidManifest.xml:3:29
uses-sdk
ADDED from AndroidManifest.xml:5:2
	android:targetSdkVersion
		ADDED from AndroidManifest.xml:5:39
	android:minSdkVersion
		ADDED from AndroidManifest.xml:5:12
uses-permission#android.permission.ACCESS_FINE_LOCATION
ADDED from AndroidManifest.xml:6:2
	android:name
		ADDED from AndroidManifest.xml:6:19
uses-permission#android.permission.ACCESS_COARSE_LOCATION
ADDED from AndroidManifest.xml:7:2
	android:name
		ADDED from AndroidManifest.xml:7:19
uses-permission#android.permission.WRITE_EXTERNAL_STORAGE
ADDED from AndroidManifest.xml:8:2
	android:name
		ADDED from AndroidManifest.xml:8:19
uses-permission#android.permission.READ_EXTERNAL_STORAGE
ADDED from AndroidManifest.xml:9:2
	android:name
		ADDED from AndroidManifest.xml:9:19
uses-permission#android.permission.WAKE_LOCK
ADDED from AndroidManifest.xml:10:2
	android:name
		ADDED from AndroidManifest.xml:10:19
uses-permission#android.permission.INTERNET
ADDED from AndroidManifest.xml:11:2
	android:name
		ADDED from AndroidManifest.xml:11:19
uses-permission#android.permission.ACCESS_NETWORK_STATE
ADDED from AndroidManifest.xml:12:2
	android:name
		ADDED from AndroidManifest.xml:12:19
uses-permission#android.permission.RECORD_AUDIO
ADDED from AndroidManifest.xml:13:2
	android:name
		ADDED from AndroidManifest.xml:13:19
uses-permission#android.permission.CAMERA
ADDED from AndroidManifest.xml:14:2
	android:name
		ADDED from AndroidManifest.xml:14:19
uses-feature#android.hardware.sensor.accelerometer
ADDED from AndroidManifest.xml:15:2
	android:required
		ADDED from AndroidManifest.xml:17:5
	android:name
		ADDED from AndroidManifest.xml:16:5
uses-permission#android.permission.VIBRATE
ADDED from AndroidManifest.xml:18:2
	android:name
		ADDED from AndroidManifest.xml:18:19
uses-feature#android.hardware.camera
ADDED from AndroidManifest.xml:19:2
	android:required
		ADDED from AndroidManifest.xml:19:55
	android:name
		ADDED from AndroidManifest.xml:19:16
uses-feature#android.hardware.camera.autofocus
ADDED from AndroidManifest.xml:20:2
	android:required
		ADDED from AndroidManifest.xml:20:65
	android:name
		ADDED from AndroidManifest.xml:20:16
application
ADDED from AndroidManifest.xml:24:2
	android:label
		ADDED from AndroidManifest.xml:24:15
	android:vmSafeMode
		ADDED from AndroidManifest.xml:24:115
	android:icon
		ADDED from AndroidManifest.xml:24:82
	android:theme
		ADDED from AndroidManifest.xml:24:48
activity#de.cachebox_test.main
ADDED from AndroidManifest.xml:25:3
	android:screenOrientation
		ADDED from AndroidManifest.xml:25:67
	android:label
		ADDED from AndroidManifest.xml:25:34
	android:launchMode
		ADDED from AndroidManifest.xml:28:16
	android:exported
		ADDED from AndroidManifest.xml:30:16
	android:windowSoftInputMode
		ADDED from AndroidManifest.xml:29:16
	android:configChanges
		ADDED from AndroidManifest.xml:27:5
	android:alwaysRetainTaskState
		ADDED from AndroidManifest.xml:26:8
	android:name
		ADDED from AndroidManifest.xml:25:13
intent-filter#android.intent.action.MAIN
ADDED from AndroidManifest.xml:31:16
action#android.intent.action.MAIN
ADDED from AndroidManifest.xml:32:5
	android:name
		ADDED from AndroidManifest.xml:32:13
activity#de.cachebox_test.splash
ADDED from AndroidManifest.xml:36:3
	android:launchMode
		ADDED from AndroidManifest.xml:36:35
	android:name
		ADDED from AndroidManifest.xml:36:13
intent-filter#android.intent.action.MAIN+android.intent.category.LAUNCHER
ADDED from AndroidManifest.xml:37:4
category#android.intent.category.LAUNCHER
ADDED from AndroidManifest.xml:39:5
	android:name
		ADDED from AndroidManifest.xml:39:15
intent-filter#android.intent.action.VIEW+android.intent.category.BROWSABLE+android.intent.category.DEFAULT
ADDED from AndroidManifest.xml:41:4
action#android.intent.action.VIEW
ADDED from AndroidManifest.xml:42:5
	android:name
		ADDED from AndroidManifest.xml:42:13
category#android.intent.category.DEFAULT
ADDED from AndroidManifest.xml:43:5
	android:name
		ADDED from AndroidManifest.xml:43:15
category#android.intent.category.BROWSABLE
ADDED from AndroidManifest.xml:44:5
	android:name
		ADDED from AndroidManifest.xml:44:15
data
ADDED from AndroidManifest.xml:45:5
	android:host
		ADDED from AndroidManifest.xml:45:33
	android:scheme
		ADDED from AndroidManifest.xml:45:11
	android:pathPrefix
		ADDED from AndroidManifest.xml:46:6
activity#de.cachebox_test.Views.Forms.GcApiLogin
ADDED from AndroidManifest.xml:102:14
	android:screenOrientation
		ADDED from AndroidManifest.xml:102:79
	android:theme
		ADDED from AndroidManifest.xml:102:114
	android:name
		ADDED from AndroidManifest.xml:102:24
service#de.cachebox_test.NotifyService
ADDED from AndroidManifest.xml:103:3
	android:name
		ADDED from AndroidManifest.xml:103:12